#
# There is insufficient memory for the Java Runtime Environment to continue.
# Native memory allocation (malloc) failed to allocate 1048576 bytes for AllocateHeap
# Possible reasons:
#   The system is out of physical RAM or swap space
#   The process is running with CompressedOops enabled, and the Java Heap may be blocking the growth of the native heap
# Possible solutions:
#   Reduce memory load on the system
#   Increase physical memory or swap space
#   Check if swap backing store is full
#   Decrease Java heap size (-Xmx/-Xms)
#   Decrease number of Java threads
#   Decrease Java thread stack sizes (-Xss)
#   Set larger code cache with -XX:ReservedCodeCacheSize=
#   JVM is running with Unscaled Compressed Oops mode in which the Java heap is
#     placed in the first 4GB address space. The Java Heap base address is the
#     maximum limit for the native heap growth. Please use -XX:HeapBaseMinAddress
#     to set the Java Heap base and to place the Java Heap above 4GB virtual address.
# This output file may be truncated or incomplete.
#
#  Out of Memory Error (memory/allocation.inline.hpp:61), pid=8924, tid=0x000000000000c768
#
# JRE version:  (8.0_452-b09) (build )
# Java VM: OpenJDK 64-Bit Server VM (25.452-b09 mixed mode windows-amd64 compressed oops)
# Failed to write core dump. Minidumps are not enabled by default on client versions of Windows
#

---------------  T H R E A D  ---------------

Current thread (0x000001a65b9aa000):  JavaThread "Unknown thread" [_thread_in_vm, id=51048, stack(0x0000006e21800000,0x0000006e21900000)]

Stack: [0x0000006e21800000,0x0000006e21900000]
[error occurred during error reporting (printing stack bounds), id 0xc0000005]

Native frames: (J=compiled Java code, j=interpreted, Vv=VM code, C=native code)


---------------  P R O C E S S  ---------------

Java Threads: ( => current thread )

Other Threads:

=>0x000001a65b9aa000 (exited) JavaThread "Unknown thread" [_thread_in_vm, id=51048, stack(0x0000006e21800000,0x0000006e21900000)]

VM state:not at safepoint (normal execution)

VM Mutex/Monitor currently owned by a thread: None

heap address: 0x00000000ff000000, size: 16 MB, Compressed Oops mode: 32-bit
Narrow klass base: 0x0000000000000000, Narrow klass shift: 3
Compressed class space size: 1073741824 Address: 0x0000000100000000

Heap:
 PSYoungGen      total 4608K, used 81K [0x00000000ffb00000, 0x0000000100000000, 0x0000000100000000)
  eden space 4096K, 2% used [0x00000000ffb00000,0x00000000ffb147b8,0x00000000fff00000)
  from space 512K, 0% used [0x00000000fff80000,0x00000000fff80000,0x0000000100000000)
  to   space 512K, 0% used [0x00000000fff00000,0x00000000fff00000,0x00000000fff80000)
 ParOldGen       total 11264K, used 0K [0x00000000ff000000, 0x00000000ffb00000, 0x00000000ffb00000)
  object space 11264K, 0% used [0x00000000ff000000,0x00000000ff000000,0x00000000ffb00000)
 Metaspace       used 791K, capacity 1156K, committed 1408K, reserved 1060864K
  class space    used 76K, capacity 384K, committed 384K, reserved 1048576K

Card table byte_map: [0x000001a66c6d0000,0x000001a66c6e0000] byte_map_base: 0x000001a66bed8000

Marking Bits: (ParMarkBitMap*) 0x000000005b75c930
 Begin Bits: [0x000001a66c6f0000, 0x000001a66c730000)
 End Bits:   [0x000001a66c730000, 0x000001a66c770000)

Polling page: 0x000001a65d2e0000

CodeCache: size=245760Kb used=328Kb max_used=328Kb free=245431Kb
 bounds [0x000001a65d310000, 0x000001a65d580000, 0x000001a66c310000]
 total_blobs=57 nmethods=0 adapters=38
 compilation: enabled

Compilation events (0 events):
No events

GC Heap History (0 events):
No events

Deoptimization events (0 events):
No events

Classes redefined (0 events):
No events

Internal exceptions (0 events):
No events

Events (10 events):
Event: 0.022 loading class java/lang/Short
Event: 0.022 loading class java/lang/Short done
Event: 0.022 loading class java/lang/Integer
Event: 0.022 loading class java/lang/Integer done
Event: 0.022 loading class java/lang/Long
Event: 0.022 loading class java/lang/Long done
Event: 0.023 loading class java/lang/NullPointerException
Event: 0.023 loading class java/lang/NullPointerException done
Event: 0.023 loading class java/lang/ArithmeticException
Event: 0.023 loading class java/lang/ArithmeticException done


Dynamic libraries:
0x00007ff749170000 - 0x00007ff7491bd000 	C:\Users\Kavya\AppData\Roaming\Code\User\globalStorage\pleiades.java-extension-pack-jdk\java\8\bin\javaw.exe
0x00007ff874d90000 - 0x00007ff874fa8000 	C:\windows\SYSTEM32\ntdll.dll
0x00007ff874460000 - 0x00007ff874524000 	C:\windows\System32\KERNEL32.DLL
0x00007ff872240000 - 0x00007ff872613000 	C:\windows\System32\KERNELBASE.dll
0x00007ff873300000 - 0x00007ff8733b1000 	C:\windows\System32\ADVAPI32.dll
0x00007ff873990000 - 0x00007ff873a37000 	C:\windows\System32\msvcrt.dll
0x00007ff873f90000 - 0x00007ff874038000 	C:\windows\System32\sechost.dll
0x00007ff8729d0000 - 0x00007ff8729f8000 	C:\windows\System32\bcrypt.dll
0x00007ff873830000 - 0x00007ff873948000 	C:\windows\System32\RPCRT4.dll
0x00007ff873be0000 - 0x00007ff873d92000 	C:\windows\System32\USER32.dll
0x00007ff872a00000 - 0x00007ff872a26000 	C:\windows\System32\win32u.dll
0x00007ff873960000 - 0x00007ff873989000 	C:\windows\System32\GDI32.dll
0x00007ff871e90000 - 0x00007ff871fb3000 	C:\windows\System32\gdi32full.dll
0x00007ff8720e0000 - 0x00007ff87217a000 	C:\windows\System32\msvcp_win.dll
0x00007ff871fc0000 - 0x00007ff8720d1000 	C:\windows\System32\ucrtbase.dll
0x00007ff8518f0000 - 0x00007ff851b8c000 	C:\windows\WinSxS\amd64_microsoft.windows.common-controls_6595b64144ccf1df_6.0.22621.6060_none_2712eda17382d24b\COMCTL32.dll
0x00007ff874340000 - 0x00007ff874371000 	C:\windows\System32\IMM32.DLL
0x00007ff850e00000 - 0x00007ff850e1e000 	C:\Users\Kavya\AppData\Roaming\Code\User\globalStorage\pleiades.java-extension-pack-jdk\java\8\jre\bin\vcruntime140.dll
0x00007ff855190000 - 0x00007ff85519c000 	C:\Users\Kavya\AppData\Roaming\Code\User\globalStorage\pleiades.java-extension-pack-jdk\java\8\jre\bin\vcruntime140_1.dll
0x00007ff825ae0000 - 0x00007ff825b6d000 	C:\Users\Kavya\AppData\Roaming\Code\User\globalStorage\pleiades.java-extension-pack-jdk\java\8\jre\bin\msvcp140.dll
0x000000005af40000 - 0x000000005b7d6000 	C:\Users\Kavya\AppData\Roaming\Code\User\globalStorage\pleiades.java-extension-pack-jdk\java\8\jre\bin\server\jvm.dll
0x00007ff8743e0000 - 0x00007ff8743e8000 	C:\windows\System32\PSAPI.DLL
0x00007ff8640e0000 - 0x00007ff8640ea000 	C:\windows\SYSTEM32\VERSION.dll
0x00007ff8569b0000 - 0x00007ff8569b9000 	C:\windows\SYSTEM32\WSOCK32.dll
0x00007ff868cb0000 - 0x00007ff868ce4000 	C:\windows\SYSTEM32\WINMM.dll
0x00007ff8737b0000 - 0x00007ff873821000 	C:\windows\System32\WS2_32.dll
0x00007ff870e20000 - 0x00007ff870e38000 	C:\windows\SYSTEM32\kernel.appcore.dll
0x00007ff853ce0000 - 0x00007ff853cf0000 	C:\Users\Kavya\AppData\Roaming\Code\User\globalStorage\pleiades.java-extension-pack-jdk\java\8\jre\bin\verify.dll
0x00007ff8373c0000 - 0x00007ff8373eb000 	C:\Users\Kavya\AppData\Roaming\Code\User\globalStorage\pleiades.java-extension-pack-jdk\java\8\jre\bin\java.dll
0x00007ff84b0c0000 - 0x00007ff84b0d8000 	C:\Users\Kavya\AppData\Roaming\Code\User\globalStorage\pleiades.java-extension-pack-jdk\java\8\jre\bin\zip.dll

VM Arguments:
jvm_args: -Xmx16m 
java_command: org.eclipse.jdt.internal.launching.support.LibraryDetector
java_class_path (initial): C:\Users\Kavya\AppData\Roaming\Code\User\globalStorage\redhat.java\1.43.1\config_ss_win\org.eclipse.osgi\39\0\.cp\lib\launchingsupport.jar
Launcher Type: SUN_STANDARD

Environment Variables:
PATH=C:\windows\system32;C:\windows;C:\windows\System32\Wbem;C:\windows\System32\WindowsPowerShell\v1.0\;C:\windows\System32\OpenSSH\;C:\Program Files\MySQL\MySQL Server 8.0\bin;C:\Program Files\Git\cmd;C:\Users\Kavya\AppData\Local\Programs\Python\Python310\Scripts\;C:\Users\Kavya\AppData\Local\Programs\Python\Python310\;C:\Users\Kavya\AppData\Local\Programs\Python\Python37\;C:\Users\Kavya\AppData\Local\Programs\Python\Python37\Scripts\;C:\Program Files\MySQL\MySQL Shell 8.0\bin\;C:\Users\Kavya\AppData\Local\Microsoft\WindowsApps;C:\Users\Kavya\AppData\Local\Programs\Microsoft VS Code\bin;C:\Users\Kavya\Downloads\flutter_windows_3.24.5-stable\flutter\bin;C:\Program Files (x86)\Nmap
USERNAME=Kavya
OS=Windows_NT
PROCESSOR_IDENTIFIER=Intel64 Family 6 Model 154 Stepping 4, GenuineIntel



---------------  S Y S T E M  ---------------

OS: Windows 11 , 64 bit Build 22621 (10.0.22621.5415)

CPU:total 12 (initial active 12) (6 cores per cpu, 2 threads per core) family 6 model 154 stepping 4, cmov, cx8, fxsr, mmx, sse, sse2, sse3, ssse3, sse4.1, sse4.2, popcnt, avx, avx2, aes, clmul, erms, 3dnowpref, lzcnt, ht, tsc, tscinvbit, bmi1, bmi2, adx

Memory: 4k page, physical 16437588k(113532k free), swap 25270108k(5824k free)

vm_info: OpenJDK 64-Bit Server VM (25.452-b09) for windows-amd64 JRE (1.8.0_452-b09), built on Apr 15 2025 20:15:54 by "ContainerUser" with unknown MS VC++:1937

time: Sat Nov 15 01:17:28 2025
timezone: India Standard Time
elapsed time: 0.028381 seconds (0d 0h 0m 0s)

